2025-08-23 19:32:37,984 - IntegrationTest - INFO - run_test:115 - Starting test: mcp_server_startup
2025-08-23 19:32:37,984 - IntegrationTest - INFO - test_mcp_server_startup:35 - Testing MCP server startup...
2025-08-23 19:32:40,190 - IntegrationTest - ERROR - test_mcp_server_startup:62 - MCP server startup test failed: object int can't be used in 'await' expression
2025-08-23 19:32:40,191 - IntegrationTest - ERROR - run_test:160 - Test FAILED: mcp_server_startup - object int can't be used in 'await' expression
2025-08-23 19:32:40,220 - IntegrationTest - INFO - run_test:115 - Starting test: mcp_message_protocol
2025-08-23 19:32:40,220 - IntegrationTest - INFO - test_mcp_message_protocol:67 - Testing MCP message protocol...
2025-08-23 19:32:40,255 - IntegrationTest - ERROR - test_mcp_message_protocol:142 - MCP message protocol test failed: Multiple exceptions: [Errno 61] Connect call failed ('127.0.0.1', 8765), [Errno 61] Connect call failed ('::1', 8765, 0, 0)
2025-08-23 19:32:40,255 - IntegrationTest - ERROR - run_test:160 - Test FAILED: mcp_message_protocol - Multiple exceptions: [Errno 61] Connect call failed ('127.0.0.1', 8765), [Errno 61] Connect call failed ('::1', 8765, 0, 0)
2025-08-23 19:32:40,259 - IntegrationTest - INFO - run_test:115 - Starting test: rust_python_mcp_coordination
2025-08-23 19:32:40,259 - IntegrationTest - INFO - test_rust_python_mcp_coordination:147 - Testing Rust-Python MCP coordination...
2025-08-23 19:32:43,288 - IntegrationTest - ERROR - test_rust_python_mcp_coordination:192 - Rust-Python MCP coordination test failed: object int can't be used in 'await' expression
2025-08-23 19:32:43,288 - IntegrationTest - ERROR - run_test:160 - Test FAILED: rust_python_mcp_coordination - object int can't be used in 'await' expression
2025-08-23 19:32:43,299 - IntegrationTest - INFO - run_test:115 - Starting test: mcp_high_throughput
2025-08-23 19:32:43,300 - IntegrationTest - INFO - test_mcp_high_throughput:197 - Testing MCP high throughput...
2025-08-23 19:32:43,302 - IntegrationTest - ERROR - test_mcp_high_throughput:254 - MCP high throughput test failed: Multiple exceptions: [Errno 61] Connect call failed ('127.0.0.1', 8765), [Errno 61] Connect call failed ('::1', 8765, 0, 0)
2025-08-23 19:32:43,302 - IntegrationTest - ERROR - run_test:160 - Test FAILED: mcp_high_throughput - Multiple exceptions: [Errno 61] Connect call failed ('127.0.0.1', 8765), [Errno 61] Connect call failed ('::1', 8765, 0, 0)
2025-08-23 19:32:43,316 - IntegrationTest - INFO - run_test:115 - Starting test: mcp_error_handling
2025-08-23 19:32:43,316 - IntegrationTest - INFO - test_mcp_error_handling:259 - Testing MCP error handling...
2025-08-23 19:32:43,317 - IntegrationTest - ERROR - test_mcp_error_handling:308 - MCP error handling test failed: Multiple exceptions: [Errno 61] Connect call failed ('127.0.0.1', 8765), [Errno 61] Connect call failed ('::1', 8765, 0, 0)
2025-08-23 19:32:43,317 - IntegrationTest - ERROR - run_test:160 - Test FAILED: mcp_error_handling - Multiple exceptions: [Errno 61] Connect call failed ('127.0.0.1', 8765), [Errno 61] Connect call failed ('::1', 8765, 0, 0)
2025-08-23 19:32:43,322 - IntegrationTest - INFO - run_test:115 - Starting test: model_loading_performance
2025-08-23 19:32:43,322 - IntegrationTest - INFO - test_model_loading_performance:36 - Testing model loading performance...
2025-08-23 19:33:24,830 - IntegrationTest - INFO - run_test:144 - Test PASSED: model_loading_performance (41507.20ms)
2025-08-23 19:33:24,832 - IntegrationTest - INFO - run_test:115 - Starting test: intelligent_model_selection
2025-08-23 19:33:24,832 - IntegrationTest - INFO - test_intelligent_model_selection:69 - Testing intelligent model selection...
2025-08-23 19:33:25,135 - IntegrationTest - INFO - run_test:144 - Test PASSED: intelligent_model_selection (302.70ms)
2025-08-23 19:33:25,136 - IntegrationTest - INFO - run_test:115 - Starting test: dynamic_switching_under_load
2025-08-23 19:33:25,137 - IntegrationTest - INFO - test_dynamic_switching_under_load:110 - Testing dynamic switching under load...
2025-08-23 19:33:29,656 - IntegrationTest - INFO - run_test:144 - Test PASSED: dynamic_switching_under_load (4519.81ms)
2025-08-23 19:33:29,659 - IntegrationTest - INFO - run_test:115 - Starting test: memory_pressure_switching
2025-08-23 19:33:29,659 - IntegrationTest - INFO - test_memory_pressure_switching:156 - Testing memory pressure switching...
2025-08-23 19:34:00,670 - IntegrationTest - INFO - run_test:144 - Test PASSED: memory_pressure_switching (31010.76ms)
2025-08-23 19:34:00,674 - IntegrationTest - INFO - run_test:115 - Starting test: model_quality_vs_speed_tradeoff
2025-08-23 19:34:00,674 - IntegrationTest - INFO - test_model_quality_vs_speed_tradeoff:209 - Testing quality vs speed tradeoff...
2025-08-23 19:34:44,025 - IntegrationTest - INFO - run_test:144 - Test PASSED: model_quality_vs_speed_tradeoff (43349.04ms)
2025-08-23 19:34:44,033 - IntegrationTest - INFO - run_test:115 - Starting test: baseline_performance
2025-08-23 19:34:44,034 - IntegrationTest - INFO - test_baseline_performance:36 - Testing baseline performance...
2025-08-23 19:34:46,140 - IntegrationTest - INFO - run_test:144 - Test PASSED: baseline_performance (2106.62ms)
2025-08-23 19:34:46,142 - IntegrationTest - INFO - run_test:115 - Starting test: m3_max_optimized_performance
2025-08-23 19:34:46,142 - IntegrationTest - INFO - test_m3_max_optimized_performance:72 - Testing M3 Max optimized performance...
2025-08-23 19:34:46,161 - IntegrationTest - INFO - run_test:144 - Test PASSED: m3_max_optimized_performance (19.15ms)
2025-08-23 19:34:46,162 - IntegrationTest - INFO - run_test:115 - Starting test: parallel_processing_scaling
2025-08-23 19:34:46,162 - IntegrationTest - INFO - test_parallel_processing_scaling:108 - Testing parallel processing scaling...
2025-08-23 19:34:46,414 - IntegrationTest - INFO - run_test:144 - Test PASSED: parallel_processing_scaling (252.31ms)
2025-08-23 19:34:46,417 - IntegrationTest - INFO - run_test:115 - Starting test: memory_intensive_workload
2025-08-23 19:34:46,417 - IntegrationTest - INFO - test_memory_intensive_workload:147 - Testing memory-intensive workload...
2025-08-23 19:35:00,501 - IntegrationTest - INFO - run_test:144 - Test PASSED: memory_intensive_workload (14083.81ms)
2025-08-23 19:35:00,502 - IntegrationTest - INFO - run_test:115 - Starting test: sustained_performance
2025-08-23 19:35:00,502 - IntegrationTest - INFO - test_sustained_performance:187 - Testing sustained performance...
2025-08-23 19:35:33,805 - IntegrationTest - INFO - run_test:115 - Starting test: mcp_server_startup
2025-08-23 19:35:33,806 - IntegrationTest - INFO - test_mcp_server_startup:35 - Testing MCP server startup...
2025-08-23 19:35:36,012 - IntegrationTest - ERROR - test_mcp_server_startup:62 - MCP server startup test failed: object int can't be used in 'await' expression
2025-08-23 19:35:36,014 - IntegrationTest - ERROR - run_test:160 - Test FAILED: mcp_server_startup - object int can't be used in 'await' expression
2025-08-23 19:35:36,046 - IntegrationTest - INFO - run_test:115 - Starting test: mcp_message_protocol
2025-08-23 19:35:36,046 - IntegrationTest - INFO - test_mcp_message_protocol:67 - Testing MCP message protocol...
2025-08-23 19:35:36,060 - IntegrationTest - ERROR - test_mcp_message_protocol:142 - MCP message protocol test failed: Multiple exceptions: [Errno 61] Connect call failed ('127.0.0.1', 8765), [Errno 61] Connect call failed ('::1', 8765, 0, 0)
2025-08-23 19:35:36,060 - IntegrationTest - ERROR - run_test:160 - Test FAILED: mcp_message_protocol - Multiple exceptions: [Errno 61] Connect call failed ('127.0.0.1', 8765), [Errno 61] Connect call failed ('::1', 8765, 0, 0)
2025-08-23 19:35:36,065 - IntegrationTest - INFO - run_test:115 - Starting test: rust_python_mcp_coordination
2025-08-23 19:35:36,065 - IntegrationTest - INFO - test_rust_python_mcp_coordination:147 - Testing Rust-Python MCP coordination...
2025-08-23 19:35:39,098 - IntegrationTest - ERROR - test_rust_python_mcp_coordination:192 - Rust-Python MCP coordination test failed: object int can't be used in 'await' expression
2025-08-23 19:35:39,099 - IntegrationTest - ERROR - run_test:160 - Test FAILED: rust_python_mcp_coordination - object int can't be used in 'await' expression
2025-08-23 19:35:39,109 - IntegrationTest - INFO - run_test:115 - Starting test: mcp_high_throughput
2025-08-23 19:35:39,109 - IntegrationTest - INFO - test_mcp_high_throughput:197 - Testing MCP high throughput...
2025-08-23 19:35:39,111 - IntegrationTest - ERROR - test_mcp_high_throughput:254 - MCP high throughput test failed: Multiple exceptions: [Errno 61] Connect call failed ('127.0.0.1', 8765), [Errno 61] Connect call failed ('::1', 8765, 0, 0)
2025-08-23 19:35:39,112 - IntegrationTest - ERROR - run_test:160 - Test FAILED: mcp_high_throughput - Multiple exceptions: [Errno 61] Connect call failed ('127.0.0.1', 8765), [Errno 61] Connect call failed ('::1', 8765, 0, 0)
2025-08-23 19:35:39,119 - IntegrationTest - INFO - run_test:115 - Starting test: mcp_error_handling
2025-08-23 19:35:39,119 - IntegrationTest - INFO - test_mcp_error_handling:259 - Testing MCP error handling...
2025-08-23 19:35:39,120 - IntegrationTest - ERROR - test_mcp_error_handling:308 - MCP error handling test failed: Multiple exceptions: [Errno 61] Connect call failed ('127.0.0.1', 8765), [Errno 61] Connect call failed ('::1', 8765, 0, 0)
2025-08-23 19:35:39,120 - IntegrationTest - ERROR - run_test:160 - Test FAILED: mcp_error_handling - Multiple exceptions: [Errno 61] Connect call failed ('127.0.0.1', 8765), [Errno 61] Connect call failed ('::1', 8765, 0, 0)
2025-08-23 19:35:39,126 - IntegrationTest - INFO - run_test:115 - Starting test: model_loading_performance
2025-08-23 19:35:39,126 - IntegrationTest - INFO - test_model_loading_performance:36 - Testing model loading performance...
2025-08-23 19:36:20,634 - IntegrationTest - INFO - run_test:144 - Test PASSED: model_loading_performance (41508.07ms)
2025-08-23 19:36:20,636 - IntegrationTest - INFO - run_test:115 - Starting test: intelligent_model_selection
2025-08-23 19:36:20,636 - IntegrationTest - INFO - test_intelligent_model_selection:69 - Testing intelligent model selection...
2025-08-23 19:36:20,941 - IntegrationTest - INFO - run_test:144 - Test PASSED: intelligent_model_selection (303.93ms)
2025-08-23 19:36:20,943 - IntegrationTest - INFO - run_test:115 - Starting test: dynamic_switching_under_load
2025-08-23 19:36:20,943 - IntegrationTest - INFO - test_dynamic_switching_under_load:110 - Testing dynamic switching under load...
2025-08-23 19:36:25,463 - IntegrationTest - INFO - run_test:144 - Test PASSED: dynamic_switching_under_load (4519.74ms)
2025-08-23 19:36:25,466 - IntegrationTest - INFO - run_test:115 - Starting test: memory_pressure_switching
2025-08-23 19:36:25,466 - IntegrationTest - INFO - test_memory_pressure_switching:156 - Testing memory pressure switching...
2025-08-23 19:36:56,473 - IntegrationTest - INFO - run_test:144 - Test PASSED: memory_pressure_switching (31006.69ms)
2025-08-23 19:36:56,474 - IntegrationTest - INFO - run_test:115 - Starting test: model_quality_vs_speed_tradeoff
2025-08-23 19:36:56,474 - IntegrationTest - INFO - test_model_quality_vs_speed_tradeoff:209 - Testing quality vs speed tradeoff...
2025-08-23 19:37:39,818 - IntegrationTest - INFO - run_test:144 - Test PASSED: model_quality_vs_speed_tradeoff (43343.92ms)
2025-08-23 19:37:39,820 - IntegrationTest - INFO - run_test:115 - Starting test: baseline_performance
2025-08-23 19:37:39,820 - IntegrationTest - INFO - test_baseline_performance:36 - Testing baseline performance...
2025-08-23 19:37:41,928 - IntegrationTest - INFO - run_test:144 - Test PASSED: baseline_performance (2108.07ms)
2025-08-23 19:37:41,930 - IntegrationTest - INFO - run_test:115 - Starting test: m3_max_optimized_performance
2025-08-23 19:37:41,931 - IntegrationTest - INFO - test_m3_max_optimized_performance:72 - Testing M3 Max optimized performance...
2025-08-23 19:37:41,950 - IntegrationTest - INFO - run_test:144 - Test PASSED: m3_max_optimized_performance (19.75ms)
2025-08-23 19:37:41,952 - IntegrationTest - INFO - run_test:115 - Starting test: parallel_processing_scaling
2025-08-23 19:37:41,952 - IntegrationTest - INFO - test_parallel_processing_scaling:108 - Testing parallel processing scaling...
2025-08-23 19:37:42,215 - IntegrationTest - INFO - run_test:144 - Test PASSED: parallel_processing_scaling (263.26ms)
2025-08-23 19:37:42,220 - IntegrationTest - INFO - run_test:115 - Starting test: memory_intensive_workload
2025-08-23 19:37:42,221 - IntegrationTest - INFO - test_memory_intensive_workload:147 - Testing memory-intensive workload...
2025-08-23 19:37:56,112 - IntegrationTest - INFO - run_test:144 - Test PASSED: memory_intensive_workload (13891.04ms)
2025-08-23 19:37:56,113 - IntegrationTest - INFO - run_test:115 - Starting test: sustained_performance
2025-08-23 19:37:56,113 - IntegrationTest - INFO - test_sustained_performance:187 - Testing sustained performance...
2025-08-23 19:40:00,514 - IntegrationTest - INFO - run_test:144 - Test PASSED: sustained_performance (300012.25ms)
2025-08-23 19:40:00,519 - IntegrationTest - INFO - run_test:115 - Starting test: rust_python_performance_comparison
2025-08-23 19:40:00,519 - IntegrationTest - INFO - test_rust_python_performance_comparison:241 - Testing Rust vs Python performance comparison...
2025-08-23 19:40:01,162 - IntegrationTest - INFO - run_test:144 - Test PASSED: rust_python_performance_comparison (642.49ms)
2025-08-23 19:40:01,166 - IntegrationTest - INFO - run_test:115 - Starting test: shared_memory_communication
2025-08-23 19:40:01,167 - IntegrationTest - INFO - test_shared_memory_communication:38 - Testing shared memory communication...
2025-08-23 19:40:01,282 - IntegrationTest - INFO - run_test:144 - Test PASSED: shared_memory_communication (114.57ms)
2025-08-23 19:40:01,286 - IntegrationTest - INFO - run_test:115 - Starting test: message_queue_communication
2025-08-23 19:40:01,286 - IntegrationTest - INFO - test_message_queue_communication:80 - Testing message queue communication...
2025-08-23 19:40:33,302 - IntegrationTest - INFO - run_test:144 - Test PASSED: message_queue_communication (32015.64ms)
2025-08-23 19:40:33,305 - IntegrationTest - INFO - run_test:115 - Starting test: process_coordination
2025-08-23 19:40:33,305 - IntegrationTest - INFO - test_process_coordination:121 - Testing process coordination...
2025-08-23 19:41:33,359 - IntegrationTest - INFO - run_test:144 - Test PASSED: process_coordination (60053.38ms)
2025-08-23 19:41:33,360 - IntegrationTest - INFO - run_test:115 - Starting test: high_load_ipc
2025-08-23 19:41:33,361 - IntegrationTest - INFO - test_high_load_ipc:183 - Testing IPC under high load...
2025-08-23 19:42:03,364 - IntegrationTest - INFO - run_test:144 - Test PASSED: high_load_ipc (30003.89ms)
2025-08-23 19:42:56,126 - IntegrationTest - INFO - run_test:144 - Test PASSED: sustained_performance (300012.83ms)
2025-08-23 19:42:56,127 - IntegrationTest - INFO - run_test:115 - Starting test: rust_python_performance_comparison
2025-08-23 19:42:56,127 - IntegrationTest - INFO - test_rust_python_performance_comparison:241 - Testing Rust vs Python performance comparison...
2025-08-23 19:42:56,755 - IntegrationTest - INFO - run_test:144 - Test PASSED: rust_python_performance_comparison (627.67ms)
2025-08-23 19:42:56,756 - IntegrationTest - INFO - run_test:115 - Starting test: shared_memory_communication
2025-08-23 19:42:56,756 - IntegrationTest - INFO - test_shared_memory_communication:38 - Testing shared memory communication...
2025-08-23 19:42:56,878 - IntegrationTest - INFO - run_test:144 - Test PASSED: shared_memory_communication (122.15ms)
2025-08-23 19:42:56,879 - IntegrationTest - INFO - run_test:115 - Starting test: message_queue_communication
2025-08-23 19:42:56,880 - IntegrationTest - INFO - test_message_queue_communication:80 - Testing message queue communication...
2025-08-23 19:43:28,884 - IntegrationTest - INFO - run_test:144 - Test PASSED: message_queue_communication (32004.62ms)
2025-08-23 19:43:28,888 - IntegrationTest - INFO - run_test:115 - Starting test: process_coordination
2025-08-23 19:43:28,888 - IntegrationTest - INFO - test_process_coordination:121 - Testing process coordination...
2025-08-23 19:44:28,942 - IntegrationTest - INFO - run_test:144 - Test PASSED: process_coordination (60053.88ms)
2025-08-23 19:44:28,943 - IntegrationTest - INFO - run_test:115 - Starting test: high_load_ipc
2025-08-23 19:44:28,944 - IntegrationTest - INFO - test_high_load_ipc:183 - Testing IPC under high load...
2025-08-23 19:44:58,945 - IntegrationTest - INFO - run_test:144 - Test PASSED: high_load_ipc (30001.68ms)
2025-08-23 21:37:31,654 - IntegrationTest - INFO - run_test:115 - Starting test: mcp_server_startup
2025-08-23 21:37:31,654 - IntegrationTest - INFO - test_mcp_server_startup:35 - Testing MCP server startup...
2025-08-23 21:37:33,864 - IntegrationTest - ERROR - test_mcp_server_startup:62 - MCP server startup test failed: object int can't be used in 'await' expression
2025-08-23 21:37:33,865 - IntegrationTest - ERROR - run_test:160 - Test FAILED: mcp_server_startup - object int can't be used in 'await' expression
2025-08-23 21:37:33,871 - IntegrationTest - INFO - run_test:115 - Starting test: mcp_message_protocol
2025-08-23 21:37:33,871 - IntegrationTest - INFO - test_mcp_message_protocol:67 - Testing MCP message protocol...
2025-08-23 21:37:33,892 - IntegrationTest - ERROR - test_mcp_message_protocol:142 - MCP message protocol test failed: Multiple exceptions: [Errno 61] Connect call failed ('127.0.0.1', 8765), [Errno 61] Connect call failed ('::1', 8765, 0, 0)
2025-08-23 21:37:33,892 - IntegrationTest - ERROR - run_test:160 - Test FAILED: mcp_message_protocol - Multiple exceptions: [Errno 61] Connect call failed ('127.0.0.1', 8765), [Errno 61] Connect call failed ('::1', 8765, 0, 0)
2025-08-23 21:37:33,896 - IntegrationTest - INFO - run_test:115 - Starting test: rust_python_mcp_coordination
2025-08-23 21:37:33,896 - IntegrationTest - INFO - test_rust_python_mcp_coordination:147 - Testing Rust-Python MCP coordination...
2025-08-23 21:37:36,928 - IntegrationTest - ERROR - test_rust_python_mcp_coordination:192 - Rust-Python MCP coordination test failed: object int can't be used in 'await' expression
2025-08-23 21:37:36,929 - IntegrationTest - ERROR - run_test:160 - Test FAILED: rust_python_mcp_coordination - object int can't be used in 'await' expression
2025-08-23 21:37:36,936 - IntegrationTest - INFO - run_test:115 - Starting test: mcp_high_throughput
2025-08-23 21:37:36,936 - IntegrationTest - INFO - test_mcp_high_throughput:197 - Testing MCP high throughput...
2025-08-23 21:37:36,938 - IntegrationTest - ERROR - test_mcp_high_throughput:254 - MCP high throughput test failed: Multiple exceptions: [Errno 61] Connect call failed ('127.0.0.1', 8765), [Errno 61] Connect call failed ('::1', 8765, 0, 0)
2025-08-23 21:37:36,938 - IntegrationTest - ERROR - run_test:160 - Test FAILED: mcp_high_throughput - Multiple exceptions: [Errno 61] Connect call failed ('127.0.0.1', 8765), [Errno 61] Connect call failed ('::1', 8765, 0, 0)
2025-08-23 21:37:36,942 - IntegrationTest - INFO - run_test:115 - Starting test: mcp_error_handling
2025-08-23 21:37:36,942 - IntegrationTest - INFO - test_mcp_error_handling:259 - Testing MCP error handling...
2025-08-23 21:37:36,942 - IntegrationTest - ERROR - test_mcp_error_handling:308 - MCP error handling test failed: Multiple exceptions: [Errno 61] Connect call failed ('127.0.0.1', 8765), [Errno 61] Connect call failed ('::1', 8765, 0, 0)
2025-08-23 21:37:36,942 - IntegrationTest - ERROR - run_test:160 - Test FAILED: mcp_error_handling - Multiple exceptions: [Errno 61] Connect call failed ('127.0.0.1', 8765), [Errno 61] Connect call failed ('::1', 8765, 0, 0)
2025-08-23 21:37:36,946 - IntegrationTest - INFO - run_test:115 - Starting test: baseline_performance
2025-08-23 21:37:36,946 - IntegrationTest - INFO - test_baseline_performance:36 - Testing baseline performance...
2025-08-23 21:37:39,047 - IntegrationTest - INFO - run_test:144 - Test PASSED: baseline_performance (2101.01ms)
2025-08-23 21:37:39,053 - IntegrationTest - INFO - run_test:115 - Starting test: m3_max_optimized_performance
2025-08-23 21:37:39,053 - IntegrationTest - INFO - test_m3_max_optimized_performance:72 - Testing M3 Max optimized performance...
2025-08-23 21:37:39,074 - IntegrationTest - INFO - run_test:144 - Test PASSED: m3_max_optimized_performance (20.40ms)
2025-08-23 21:37:39,076 - IntegrationTest - INFO - run_test:115 - Starting test: parallel_processing_scaling
2025-08-23 21:37:39,076 - IntegrationTest - INFO - test_parallel_processing_scaling:108 - Testing parallel processing scaling...
2025-08-23 21:37:39,327 - IntegrationTest - INFO - run_test:144 - Test PASSED: parallel_processing_scaling (250.50ms)
2025-08-23 21:37:39,327 - IntegrationTest - INFO - run_test:115 - Starting test: memory_intensive_workload
2025-08-23 21:37:39,327 - IntegrationTest - INFO - test_memory_intensive_workload:147 - Testing memory-intensive workload...
2025-08-23 21:37:53,359 - IntegrationTest - INFO - run_test:144 - Test PASSED: memory_intensive_workload (14031.41ms)
2025-08-23 21:37:53,360 - IntegrationTest - INFO - run_test:115 - Starting test: sustained_performance
2025-08-23 21:37:53,360 - IntegrationTest - INFO - test_sustained_performance:187 - Testing sustained performance...
